2023-07-05 13:01:18,981 __main__ 0/1 INFO :: Running on 1 cores,  0 nodes
2023-07-05 13:01:18,983 __main__ 0/1 INFO :: Lz = 256.0000000, Re = 6.6000e+01
2023-07-05 13:01:19,111 pencil 0/1 INFO :: Building pencil matrix 1/1 (~100%) Elapsed: 0s, Remaining: 0s, Rate: 1.1e+01/s
2023-07-05 13:01:19,112 __main__ 0/1 INFO :: Solver built
2023-07-05 13:01:19,141 solvers 0/1 INFO :: Loading solver state from: restart.h5
2023-07-05 13:01:19,197 solvers 0/1 INFO :: Loading iteration: 170404
2023-07-05 13:01:19,197 solvers 0/1 INFO :: Loading write: 281
2023-07-05 13:01:19,197 solvers 0/1 INFO :: Loading sim time: 6991.982339801373
2023-07-05 13:01:19,197 solvers 0/1 INFO :: Loading timestep: 0.04103203781512604
2023-07-05 13:01:19,640 __main__ 0/1 INFO :: Starting loop
2023-07-05 13:02:59,071 __main__ 0/1 INFO :: Iteration: 5001, Time: 2.959280e+02, dt: 5.918561e-02
2023-07-05 13:02:59,072 __main__ 0/1 INFO :: average KE = 1.812104e-03
2023-07-05 13:02:59,072 __main__ 0/1 INFO :: average KE_q = 1.908169e-03
2023-07-05 13:04:35,505 __main__ 0/1 INFO :: Iteration: 10001, Time: 5.918561e+02, dt: 5.918561e-02
2023-07-05 13:04:35,506 __main__ 0/1 INFO :: average KE = 1.846294e-03
2023-07-05 13:04:35,507 __main__ 0/1 INFO :: average KE_q = 1.916137e-03
2023-07-05 13:06:11,294 __main__ 0/1 INFO :: Iteration: 15001, Time: 8.877841e+02, dt: 5.918561e-02
2023-07-05 13:06:11,295 __main__ 0/1 INFO :: average KE = 1.848339e-03
2023-07-05 13:06:11,296 __main__ 0/1 INFO :: average KE_q = 1.916630e-03
2023-07-05 13:07:47,048 __main__ 0/1 INFO :: Iteration: 20001, Time: 1.183712e+03, dt: 5.918561e-02
2023-07-05 13:07:47,049 __main__ 0/1 INFO :: average KE = 1.848456e-03
2023-07-05 13:07:47,049 __main__ 0/1 INFO :: average KE_q = 1.916658e-03
2023-07-05 13:09:23,261 __main__ 0/1 INFO :: Iteration: 25001, Time: 1.479640e+03, dt: 5.918561e-02
2023-07-05 13:09:23,262 __main__ 0/1 INFO :: average KE = 1.848463e-03
2023-07-05 13:09:23,262 __main__ 0/1 INFO :: average KE_q = 1.916660e-03
2023-07-05 13:10:59,136 __main__ 0/1 INFO :: Iteration: 30001, Time: 1.775568e+03, dt: 5.918561e-02
2023-07-05 13:10:59,137 __main__ 0/1 INFO :: average KE = 1.848463e-03
2023-07-05 13:10:59,137 __main__ 0/1 INFO :: average KE_q = 1.916660e-03
2023-07-05 13:12:35,103 __main__ 0/1 INFO :: Iteration: 35001, Time: 2.071496e+03, dt: 5.918561e-02
2023-07-05 13:12:35,104 __main__ 0/1 INFO :: average KE = 1.848463e-03
2023-07-05 13:12:35,104 __main__ 0/1 INFO :: average KE_q = 1.916660e-03
2023-07-05 13:14:10,998 __main__ 0/1 INFO :: Iteration: 40001, Time: 2.367424e+03, dt: 5.918561e-02
2023-07-05 13:14:10,999 __main__ 0/1 INFO :: average KE = 1.848463e-03
2023-07-05 13:14:10,999 __main__ 0/1 INFO :: average KE_q = 1.916660e-03
2023-07-05 13:15:47,113 __main__ 0/1 INFO :: Iteration: 45001, Time: 2.663352e+03, dt: 5.918561e-02
2023-07-05 13:15:47,114 __main__ 0/1 INFO :: average KE = 1.848463e-03
2023-07-05 13:15:47,114 __main__ 0/1 INFO :: average KE_q = 1.916660e-03
2023-07-05 13:17:23,215 __main__ 0/1 INFO :: Iteration: 50001, Time: 2.959280e+03, dt: 5.918561e-02
2023-07-05 13:17:23,216 __main__ 0/1 INFO :: average KE = 1.848463e-03
2023-07-05 13:17:23,216 __main__ 0/1 INFO :: average KE_q = 1.916660e-03
2023-07-05 13:18:59,374 __main__ 0/1 INFO :: Iteration: 55001, Time: 3.255208e+03, dt: 5.918561e-02
2023-07-05 13:18:59,375 __main__ 0/1 INFO :: average KE = 1.848463e-03
2023-07-05 13:18:59,375 __main__ 0/1 INFO :: average KE_q = 1.916660e-03
2023-07-05 13:20:35,398 __main__ 0/1 INFO :: Iteration: 60001, Time: 3.551136e+03, dt: 5.918561e-02
2023-07-05 13:20:35,399 __main__ 0/1 INFO :: average KE = 1.848463e-03
2023-07-05 13:20:35,399 __main__ 0/1 INFO :: average KE_q = 1.916660e-03
2023-07-05 13:22:11,402 __main__ 0/1 INFO :: Iteration: 65001, Time: 3.847064e+03, dt: 5.918561e-02
2023-07-05 13:22:11,403 __main__ 0/1 INFO :: average KE = 1.848463e-03
2023-07-05 13:22:11,404 __main__ 0/1 INFO :: average KE_q = 1.916660e-03
2023-07-05 13:23:47,374 __main__ 0/1 INFO :: Iteration: 70001, Time: 4.142992e+03, dt: 5.918561e-02
2023-07-05 13:23:47,374 __main__ 0/1 INFO :: average KE = 1.848463e-03
2023-07-05 13:23:47,375 __main__ 0/1 INFO :: average KE_q = 1.916660e-03
2023-07-05 13:25:23,311 __main__ 0/1 INFO :: Iteration: 75001, Time: 4.438920e+03, dt: 5.918561e-02
2023-07-05 13:25:23,312 __main__ 0/1 INFO :: average KE = 1.848463e-03
2023-07-05 13:25:23,312 __main__ 0/1 INFO :: average KE_q = 1.916660e-03
2023-07-05 13:26:59,316 __main__ 0/1 INFO :: Iteration: 80001, Time: 4.734848e+03, dt: 5.918561e-02
2023-07-05 13:26:59,318 __main__ 0/1 INFO :: average KE = 1.848463e-03
2023-07-05 13:26:59,318 __main__ 0/1 INFO :: average KE_q = 1.916660e-03
2023-07-05 13:28:35,379 __main__ 0/1 INFO :: Iteration: 85001, Time: 5.030777e+03, dt: 5.918561e-02
2023-07-05 13:28:35,380 __main__ 0/1 INFO :: average KE = 1.848463e-03
2023-07-05 13:28:35,380 __main__ 0/1 INFO :: average KE_q = 1.916660e-03
2023-07-05 13:30:11,460 __main__ 0/1 INFO :: Iteration: 90001, Time: 5.326705e+03, dt: 5.918561e-02
2023-07-05 13:30:11,462 __main__ 0/1 INFO :: average KE = 1.848463e-03
2023-07-05 13:30:11,463 __main__ 0/1 INFO :: average KE_q = 1.916660e-03
2023-07-05 13:31:47,397 __main__ 0/1 INFO :: Iteration: 95001, Time: 5.622633e+03, dt: 5.918561e-02
2023-07-05 13:31:47,398 __main__ 0/1 INFO :: average KE = 1.848463e-03
2023-07-05 13:31:47,398 __main__ 0/1 INFO :: average KE_q = 1.916660e-03
2023-07-05 13:33:23,424 __main__ 0/1 INFO :: Iteration: 100001, Time: 5.918561e+03, dt: 5.918561e-02
2023-07-05 13:33:23,425 __main__ 0/1 INFO :: average KE = 1.848463e-03
2023-07-05 13:33:23,425 __main__ 0/1 INFO :: average KE_q = 1.916660e-03
2023-07-05 13:34:59,483 __main__ 0/1 INFO :: Iteration: 105001, Time: 6.214489e+03, dt: 5.918561e-02
2023-07-05 13:34:59,484 __main__ 0/1 INFO :: average KE = 1.848463e-03
2023-07-05 13:34:59,484 __main__ 0/1 INFO :: average KE_q = 1.916660e-03
2023-07-05 13:36:35,540 __main__ 0/1 INFO :: Iteration: 110001, Time: 6.510417e+03, dt: 5.918561e-02
2023-07-05 13:36:35,540 __main__ 0/1 INFO :: average KE = 1.848463e-03
2023-07-05 13:36:35,541 __main__ 0/1 INFO :: average KE_q = 1.916660e-03
2023-07-05 13:38:11,518 __main__ 0/1 INFO :: Iteration: 115001, Time: 6.806345e+03, dt: 5.918561e-02
2023-07-05 13:38:11,519 __main__ 0/1 INFO :: average KE = 1.848463e-03
2023-07-05 13:38:11,519 __main__ 0/1 INFO :: average KE_q = 1.916660e-03
2023-07-05 13:39:47,436 __main__ 0/1 INFO :: Iteration: 120001, Time: 7.102273e+03, dt: 5.918561e-02
2023-07-05 13:39:47,437 __main__ 0/1 INFO :: average KE = 1.848463e-03
2023-07-05 13:39:47,437 __main__ 0/1 INFO :: average KE_q = 1.916660e-03
2023-07-05 13:41:23,339 __main__ 0/1 INFO :: Iteration: 125001, Time: 7.398201e+03, dt: 5.918561e-02
2023-07-05 13:41:23,340 __main__ 0/1 INFO :: average KE = 1.848463e-03
2023-07-05 13:41:23,340 __main__ 0/1 INFO :: average KE_q = 1.916660e-03
2023-07-05 13:42:59,262 __main__ 0/1 INFO :: Iteration: 130001, Time: 7.694129e+03, dt: 5.918561e-02
2023-07-05 13:42:59,263 __main__ 0/1 INFO :: average KE = 1.848463e-03
2023-07-05 13:42:59,263 __main__ 0/1 INFO :: average KE_q = 1.916660e-03
2023-07-05 13:44:35,157 __main__ 0/1 INFO :: Iteration: 135001, Time: 7.990057e+03, dt: 5.918561e-02
2023-07-05 13:44:35,158 __main__ 0/1 INFO :: average KE = 1.848463e-03
2023-07-05 13:44:35,158 __main__ 0/1 INFO :: average KE_q = 1.916660e-03
2023-07-05 13:46:11,126 __main__ 0/1 INFO :: Iteration: 140001, Time: 8.285985e+03, dt: 5.918561e-02
2023-07-05 13:46:11,127 __main__ 0/1 INFO :: average KE = 1.848463e-03
2023-07-05 13:46:11,127 __main__ 0/1 INFO :: average KE_q = 1.916660e-03
2023-07-05 13:47:47,050 __main__ 0/1 INFO :: Iteration: 145001, Time: 8.581913e+03, dt: 5.918561e-02
2023-07-05 13:47:47,051 __main__ 0/1 INFO :: average KE = 1.848463e-03
2023-07-05 13:47:47,051 __main__ 0/1 INFO :: average KE_q = 1.916660e-03
2023-07-05 13:49:23,124 __main__ 0/1 INFO :: Iteration: 150001, Time: 8.877841e+03, dt: 5.918561e-02
2023-07-05 13:49:23,125 __main__ 0/1 INFO :: average KE = 1.848463e-03
2023-07-05 13:49:23,125 __main__ 0/1 INFO :: average KE_q = 1.916660e-03
2023-07-05 13:50:58,994 __main__ 0/1 INFO :: Iteration: 155001, Time: 9.173769e+03, dt: 5.918561e-02
2023-07-05 13:50:58,995 __main__ 0/1 INFO :: average KE = 1.848463e-03
2023-07-05 13:50:58,995 __main__ 0/1 INFO :: average KE_q = 1.916660e-03
2023-07-05 13:52:34,979 __main__ 0/1 INFO :: Iteration: 160001, Time: 9.469697e+03, dt: 5.918561e-02
2023-07-05 13:52:34,980 __main__ 0/1 INFO :: average KE = 1.848463e-03
2023-07-05 13:52:34,980 __main__ 0/1 INFO :: average KE_q = 1.916660e-03
2023-07-05 13:54:10,812 __main__ 0/1 INFO :: Iteration: 165001, Time: 9.765625e+03, dt: 5.918561e-02
2023-07-05 13:54:10,813 __main__ 0/1 INFO :: average KE = 1.848463e-03
2023-07-05 13:54:10,814 __main__ 0/1 INFO :: average KE_q = 1.916660e-03
2023-07-05 13:55:46,887 __main__ 0/1 INFO :: Iteration: 170001, Time: 1.006155e+04, dt: 5.918561e-02
2023-07-05 13:55:46,888 __main__ 0/1 INFO :: average KE = 1.848463e-03
2023-07-05 13:55:46,889 __main__ 0/1 INFO :: average KE_q = 1.916660e-03
2023-07-05 13:57:22,795 __main__ 0/1 INFO :: Iteration: 175001, Time: 1.035748e+04, dt: 5.918561e-02
2023-07-05 13:57:22,796 __main__ 0/1 INFO :: average KE = 1.848463e-03
2023-07-05 13:57:22,796 __main__ 0/1 INFO :: average KE_q = 1.916660e-03
2023-07-05 13:58:58,828 __main__ 0/1 INFO :: Iteration: 180001, Time: 1.065341e+04, dt: 5.918561e-02
2023-07-05 13:58:58,829 __main__ 0/1 INFO :: average KE = 1.848463e-03
2023-07-05 13:58:58,829 __main__ 0/1 INFO :: average KE_q = 1.916660e-03
2023-07-05 14:00:34,853 __main__ 0/1 INFO :: Iteration: 185001, Time: 1.094934e+04, dt: 5.918561e-02
2023-07-05 14:00:34,855 __main__ 0/1 INFO :: average KE = 1.848463e-03
2023-07-05 14:00:34,855 __main__ 0/1 INFO :: average KE_q = 1.916660e-03
2023-07-05 14:02:10,827 __main__ 0/1 INFO :: Iteration: 190001, Time: 1.124527e+04, dt: 5.918561e-02
2023-07-05 14:02:10,828 __main__ 0/1 INFO :: average KE = 1.848463e-03
2023-07-05 14:02:10,828 __main__ 0/1 INFO :: average KE_q = 1.916660e-03
2023-07-05 14:03:46,796 __main__ 0/1 INFO :: Iteration: 195001, Time: 1.154119e+04, dt: 5.918561e-02
2023-07-05 14:03:46,798 __main__ 0/1 INFO :: average KE = 1.848463e-03
2023-07-05 14:03:46,798 __main__ 0/1 INFO :: average KE_q = 1.916660e-03
2023-07-05 14:05:22,809 __main__ 0/1 INFO :: Iteration: 200001, Time: 1.183712e+04, dt: 5.918561e-02
2023-07-05 14:05:22,810 __main__ 0/1 INFO :: average KE = 1.848463e-03
2023-07-05 14:05:22,810 __main__ 0/1 INFO :: average KE_q = 1.916660e-03
2023-07-05 14:06:58,766 __main__ 0/1 INFO :: Iteration: 205001, Time: 1.213305e+04, dt: 5.918561e-02
2023-07-05 14:06:58,768 __main__ 0/1 INFO :: average KE = 1.848463e-03
2023-07-05 14:06:58,769 __main__ 0/1 INFO :: average KE_q = 1.916660e-03
2023-07-05 14:08:34,728 __main__ 0/1 INFO :: Iteration: 210001, Time: 1.242898e+04, dt: 5.918561e-02
2023-07-05 14:08:34,729 __main__ 0/1 INFO :: average KE = 1.848463e-03
2023-07-05 14:08:34,729 __main__ 0/1 INFO :: average KE_q = 1.916660e-03
2023-07-05 14:10:10,657 __main__ 0/1 INFO :: Iteration: 215001, Time: 1.272491e+04, dt: 5.918561e-02
2023-07-05 14:10:10,658 __main__ 0/1 INFO :: average KE = 1.848463e-03
2023-07-05 14:10:10,658 __main__ 0/1 INFO :: average KE_q = 1.916660e-03
2023-07-05 14:11:46,590 __main__ 0/1 INFO :: Iteration: 220001, Time: 1.302083e+04, dt: 5.918561e-02
2023-07-05 14:11:46,591 __main__ 0/1 INFO :: average KE = 1.848463e-03
2023-07-05 14:11:46,591 __main__ 0/1 INFO :: average KE_q = 1.916660e-03
2023-07-05 14:13:22,498 __main__ 0/1 INFO :: Iteration: 225001, Time: 1.331676e+04, dt: 5.918561e-02
2023-07-05 14:13:22,498 __main__ 0/1 INFO :: average KE = 1.848463e-03
2023-07-05 14:13:22,499 __main__ 0/1 INFO :: average KE_q = 1.916660e-03
2023-07-05 14:14:58,478 __main__ 0/1 INFO :: Iteration: 230001, Time: 1.361269e+04, dt: 5.918561e-02
2023-07-05 14:14:58,478 __main__ 0/1 INFO :: average KE = 1.848463e-03
2023-07-05 14:14:58,479 __main__ 0/1 INFO :: average KE_q = 1.916660e-03
2023-07-05 14:16:34,486 __main__ 0/1 INFO :: Iteration: 235001, Time: 1.390862e+04, dt: 5.918561e-02
2023-07-05 14:16:34,487 __main__ 0/1 INFO :: average KE = 1.848463e-03
2023-07-05 14:16:34,487 __main__ 0/1 INFO :: average KE_q = 1.916660e-03
2023-07-05 14:18:10,416 __main__ 0/1 INFO :: Iteration: 240001, Time: 1.420455e+04, dt: 5.918561e-02
2023-07-05 14:18:10,416 __main__ 0/1 INFO :: average KE = 1.848463e-03
2023-07-05 14:18:10,417 __main__ 0/1 INFO :: average KE_q = 1.916660e-03
2023-07-05 14:19:46,327 __main__ 0/1 INFO :: Iteration: 245001, Time: 1.450047e+04, dt: 5.918561e-02
2023-07-05 14:19:46,327 __main__ 0/1 INFO :: average KE = 1.848463e-03
2023-07-05 14:19:46,328 __main__ 0/1 INFO :: average KE_q = 1.916660e-03
2023-07-05 14:21:22,197 __main__ 0/1 INFO :: Iteration: 250001, Time: 1.479640e+04, dt: 5.918561e-02
2023-07-05 14:21:22,197 __main__ 0/1 INFO :: average KE = 1.848463e-03
2023-07-05 14:21:22,198 __main__ 0/1 INFO :: average KE_q = 1.916660e-03
2023-07-05 14:22:58,250 __main__ 0/1 INFO :: Iteration: 255001, Time: 1.509233e+04, dt: 5.918561e-02
2023-07-05 14:22:58,252 __main__ 0/1 INFO :: average KE = 1.848463e-03
2023-07-05 14:22:58,252 __main__ 0/1 INFO :: average KE_q = 1.916660e-03
2023-07-05 14:24:34,245 __main__ 0/1 INFO :: Iteration: 260001, Time: 1.538826e+04, dt: 5.918561e-02
2023-07-05 14:24:34,246 __main__ 0/1 INFO :: average KE = 1.848463e-03
2023-07-05 14:24:34,246 __main__ 0/1 INFO :: average KE_q = 1.916660e-03
2023-07-05 14:26:10,111 __main__ 0/1 INFO :: Iteration: 265001, Time: 1.568419e+04, dt: 5.918561e-02
2023-07-05 14:26:10,112 __main__ 0/1 INFO :: average KE = 1.848463e-03
2023-07-05 14:26:10,112 __main__ 0/1 INFO :: average KE_q = 1.916660e-03
2023-07-05 14:26:19,035 solvers 0/1 INFO :: Wall stop time reached.
2023-07-05 14:26:19,060 __main__ 0/1 INFO :: Iterations: 265466
2023-07-05 14:26:19,060 __main__ 0/1 INFO :: Sim end time: 15711.706913
2023-07-05 14:26:19,060 __main__ 0/1 INFO :: Run time: 5099.42 sec
2023-07-05 14:26:19,060 __main__ 0/1 INFO :: Run time: 1.416505 cpu-hr
2023-07-05 14:26:21,081 post 0/1 INFO :: Merging files from snapshots
2023-07-05 14:26:21,785 post 0/1 INFO :: Merging files from time_series
