2023-07-05 13:01:18,981 __main__ 0/1 INFO :: Running on 1 cores,  0 nodes
2023-07-05 13:01:18,998 __main__ 0/1 INFO :: Lz = 256.0000000, Re = 6.4000e+01
2023-07-05 13:01:19,138 pencil 0/1 INFO :: Building pencil matrix 1/1 (~100%) Elapsed: 0s, Remaining: 0s, Rate: 1.1e+01/s
2023-07-05 13:01:19,139 __main__ 0/1 INFO :: Solver built
2023-07-05 13:01:19,141 solvers 0/1 INFO :: Loading solver state from: restart.h5
2023-07-05 13:01:19,197 solvers 0/1 INFO :: Loading iteration: 170404
2023-07-05 13:01:19,197 solvers 0/1 INFO :: Loading write: 281
2023-07-05 13:01:19,197 solvers 0/1 INFO :: Loading sim time: 6991.982339801373
2023-07-05 13:01:19,197 solvers 0/1 INFO :: Loading timestep: 0.04103203781512604
2023-07-05 13:01:19,614 __main__ 0/1 INFO :: Starting loop
2023-07-05 13:02:57,161 __main__ 0/1 INFO :: Iteration: 5001, Time: 3.051758e+02, dt: 6.103516e-02
2023-07-05 13:02:57,162 __main__ 0/1 INFO :: average KE = 4.439615e-08
2023-07-05 13:02:57,162 __main__ 0/1 INFO :: average KE_q = 1.331288e-12
2023-07-05 13:02:57,163 __main__ 0/1 ERROR :: RELAMINARIZED. Ending run.
2023-07-05 13:02:57,163 __main__ 0/1 ERROR :: Exception raised, triggering end of main loop.
2023-07-05 13:02:57,188 __main__ 0/1 INFO :: Iterations: 5001
2023-07-05 13:02:57,188 __main__ 0/1 INFO :: Sim end time: 305.175781
2023-07-05 13:02:57,188 __main__ 0/1 INFO :: Run time: 97.57 sec
2023-07-05 13:02:57,188 __main__ 0/1 INFO :: Run time: 0.027104 cpu-hr
2023-07-05 13:02:57,937 post 0/1 INFO :: Merging files from snapshots
2023-07-05 13:02:58,592 post 0/1 INFO :: Merging files from time_series
