2023-07-05 13:03:19,025 __main__ 0/1 INFO :: Running on 1 cores,  0 nodes
2023-07-05 13:03:19,046 __main__ 0/1 INFO :: Lz = 256.0000000, Re = 8.2000e+01
2023-07-05 13:03:19,228 pencil 0/1 INFO :: Building pencil matrix 1/1 (~100%) Elapsed: 0s, Remaining: 0s, Rate: 9.5e+00/s
2023-07-05 13:03:19,229 __main__ 0/1 INFO :: Solver built
2023-07-05 13:03:19,229 solvers 0/1 INFO :: Loading solver state from: restart.h5
2023-07-05 13:03:19,233 solvers 0/1 INFO :: Loading iteration: 170404
2023-07-05 13:03:19,233 solvers 0/1 INFO :: Loading write: 281
2023-07-05 13:03:19,233 solvers 0/1 INFO :: Loading sim time: 6991.982339801373
2023-07-05 13:03:19,233 solvers 0/1 INFO :: Loading timestep: 0.04103203781512604
2023-07-05 13:03:19,440 __main__ 0/1 INFO :: Starting loop
2023-07-05 13:05:11,398 __main__ 0/1 INFO :: Iteration: 5001, Time: 2.381860e+02, dt: 4.763720e-02
2023-07-05 13:05:11,399 __main__ 0/1 INFO :: average KE = 5.629818e-03
2023-07-05 13:05:11,399 __main__ 0/1 INFO :: average KE_q = 4.441407e-03
2023-07-05 13:07:03,151 __main__ 0/1 INFO :: Iteration: 10001, Time: 4.763720e+02, dt: 4.763720e-02
2023-07-05 13:07:03,152 __main__ 0/1 INFO :: average KE = 6.815597e-03
2023-07-05 13:07:03,153 __main__ 0/1 INFO :: average KE_q = 5.689840e-03
2023-07-05 13:08:55,240 __main__ 0/1 INFO :: Iteration: 15001, Time: 7.145579e+02, dt: 4.763720e-02
2023-07-05 13:08:55,241 __main__ 0/1 INFO :: average KE = 8.397177e-03
2023-07-05 13:08:55,242 __main__ 0/1 INFO :: average KE_q = 6.411186e-03
2023-07-05 13:10:47,289 __main__ 0/1 INFO :: Iteration: 20001, Time: 9.527439e+02, dt: 4.763720e-02
2023-07-05 13:10:47,290 __main__ 0/1 INFO :: average KE = 9.430985e-03
2023-07-05 13:10:47,290 __main__ 0/1 INFO :: average KE_q = 6.640729e-03
2023-07-05 13:12:39,141 __main__ 0/1 INFO :: Iteration: 25001, Time: 1.190930e+03, dt: 4.763720e-02
2023-07-05 13:12:39,142 __main__ 0/1 INFO :: average KE = 9.983242e-03
2023-07-05 13:12:39,143 __main__ 0/1 INFO :: average KE_q = 6.965643e-03
2023-07-05 13:14:30,756 __main__ 0/1 INFO :: Iteration: 30001, Time: 1.429116e+03, dt: 4.763720e-02
2023-07-05 13:14:30,757 __main__ 0/1 INFO :: average KE = 1.017979e-02
2023-07-05 13:14:30,758 __main__ 0/1 INFO :: average KE_q = 7.577108e-03
2023-07-05 13:16:22,543 __main__ 0/1 INFO :: Iteration: 35001, Time: 1.667302e+03, dt: 4.763720e-02
2023-07-05 13:16:22,543 __main__ 0/1 INFO :: average KE = 1.055998e-02
2023-07-05 13:16:22,544 __main__ 0/1 INFO :: average KE_q = 8.711951e-03
2023-07-05 13:18:14,123 __main__ 0/1 INFO :: Iteration: 40001, Time: 1.905488e+03, dt: 4.763720e-02
2023-07-05 13:18:14,124 __main__ 0/1 INFO :: average KE = 1.187998e-02
2023-07-05 13:18:14,124 __main__ 0/1 INFO :: average KE_q = 1.032465e-02
2023-07-05 13:20:05,826 __main__ 0/1 INFO :: Iteration: 45001, Time: 2.143674e+03, dt: 4.763720e-02
2023-07-05 13:20:05,827 __main__ 0/1 INFO :: average KE = 1.370574e-02
2023-07-05 13:20:05,828 __main__ 0/1 INFO :: average KE_q = 1.140444e-02
2023-07-05 13:21:57,523 __main__ 0/1 INFO :: Iteration: 50001, Time: 2.381860e+03, dt: 4.763720e-02
2023-07-05 13:21:57,525 __main__ 0/1 INFO :: average KE = 1.513602e-02
2023-07-05 13:21:57,525 __main__ 0/1 INFO :: average KE_q = 1.186618e-02
2023-07-05 13:23:49,353 __main__ 0/1 INFO :: Iteration: 55001, Time: 2.620046e+03, dt: 4.763720e-02
2023-07-05 13:23:49,355 __main__ 0/1 INFO :: average KE = 1.639360e-02
2023-07-05 13:23:49,356 __main__ 0/1 INFO :: average KE_q = 1.198591e-02
2023-07-05 13:25:41,168 __main__ 0/1 INFO :: Iteration: 60001, Time: 2.858232e+03, dt: 4.763720e-02
2023-07-05 13:25:41,170 __main__ 0/1 INFO :: average KE = 1.743577e-02
2023-07-05 13:25:41,170 __main__ 0/1 INFO :: average KE_q = 1.211792e-02
2023-07-05 13:27:33,149 __main__ 0/1 INFO :: Iteration: 65001, Time: 3.096418e+03, dt: 4.763720e-02
2023-07-05 13:27:33,150 __main__ 0/1 INFO :: average KE = 1.806267e-02
2023-07-05 13:27:33,150 __main__ 0/1 INFO :: average KE_q = 1.243900e-02
2023-07-05 13:29:25,029 __main__ 0/1 INFO :: Iteration: 70001, Time: 3.334604e+03, dt: 4.763720e-02
2023-07-05 13:29:25,030 __main__ 0/1 INFO :: average KE = 1.850562e-02
2023-07-05 13:29:25,030 __main__ 0/1 INFO :: average KE_q = 1.298250e-02
2023-07-05 13:31:15,288 __main__ 0/1 INFO :: Iteration: 75001, Time: 3.572790e+03, dt: 4.763720e-02
2023-07-05 13:31:15,289 __main__ 0/1 INFO :: average KE = 1.900855e-02
2023-07-05 13:31:15,290 __main__ 0/1 INFO :: average KE_q = 1.390393e-02
2023-07-05 13:33:05,187 __main__ 0/1 INFO :: Iteration: 80001, Time: 3.810976e+03, dt: 4.763720e-02
2023-07-05 13:33:05,188 __main__ 0/1 INFO :: average KE = 2.004133e-02
2023-07-05 13:33:05,188 __main__ 0/1 INFO :: average KE_q = 1.530325e-02
2023-07-05 13:34:55,300 __main__ 0/1 INFO :: Iteration: 85001, Time: 4.049162e+03, dt: 4.763720e-02
2023-07-05 13:34:55,301 __main__ 0/1 INFO :: average KE = 2.180608e-02
2023-07-05 13:34:55,302 __main__ 0/1 INFO :: average KE_q = 1.658747e-02
2023-07-05 13:36:45,424 __main__ 0/1 INFO :: Iteration: 90001, Time: 4.287348e+03, dt: 4.763720e-02
2023-07-05 13:36:45,425 __main__ 0/1 INFO :: average KE = 2.351318e-02
2023-07-05 13:36:45,426 __main__ 0/1 INFO :: average KE_q = 1.721041e-02
2023-07-05 13:38:35,449 __main__ 0/1 INFO :: Iteration: 95001, Time: 4.525534e+03, dt: 4.763720e-02
2023-07-05 13:38:35,450 __main__ 0/1 INFO :: average KE = 2.492466e-02
2023-07-05 13:38:35,451 __main__ 0/1 INFO :: average KE_q = 1.737963e-02
2023-07-05 13:40:25,438 __main__ 0/1 INFO :: Iteration: 100001, Time: 4.763720e+03, dt: 4.763720e-02
2023-07-05 13:40:25,439 __main__ 0/1 INFO :: average KE = 2.608604e-02
2023-07-05 13:40:25,439 __main__ 0/1 INFO :: average KE_q = 1.746758e-02
2023-07-05 13:42:15,431 __main__ 0/1 INFO :: Iteration: 105001, Time: 5.001905e+03, dt: 4.763720e-02
2023-07-05 13:42:15,433 __main__ 0/1 INFO :: average KE = 2.671340e-02
2023-07-05 13:42:15,433 __main__ 0/1 INFO :: average KE_q = 1.775812e-02
2023-07-05 13:44:05,412 __main__ 0/1 INFO :: Iteration: 110001, Time: 5.240091e+03, dt: 4.763720e-02
2023-07-05 13:44:05,415 __main__ 0/1 INFO :: average KE = 2.709485e-02
2023-07-05 13:44:05,416 __main__ 0/1 INFO :: average KE_q = 1.825274e-02
2023-07-05 13:45:55,360 __main__ 0/1 INFO :: Iteration: 115001, Time: 5.478277e+03, dt: 4.763720e-02
2023-07-05 13:45:55,360 __main__ 0/1 INFO :: average KE = 2.748816e-02
2023-07-05 13:45:55,361 __main__ 0/1 INFO :: average KE_q = 1.907865e-02
2023-07-05 13:47:45,267 __main__ 0/1 INFO :: Iteration: 120001, Time: 5.716463e+03, dt: 4.763720e-02
2023-07-05 13:47:45,268 __main__ 0/1 INFO :: average KE = 2.832055e-02
2023-07-05 13:47:45,269 __main__ 0/1 INFO :: average KE_q = 2.040533e-02
2023-07-05 13:49:35,354 __main__ 0/1 INFO :: Iteration: 125001, Time: 5.954649e+03, dt: 4.763720e-02
2023-07-05 13:49:35,355 __main__ 0/1 INFO :: average KE = 2.997729e-02
2023-07-05 13:49:35,356 __main__ 0/1 INFO :: average KE_q = 2.180329e-02
2023-07-05 13:51:25,352 __main__ 0/1 INFO :: Iteration: 130001, Time: 6.192835e+03, dt: 4.763720e-02
2023-07-05 13:51:25,353 __main__ 0/1 INFO :: average KE = 3.173476e-02
2023-07-05 13:51:25,354 __main__ 0/1 INFO :: average KE_q = 2.253683e-02
2023-07-05 13:53:15,417 __main__ 0/1 INFO :: Iteration: 135001, Time: 6.431021e+03, dt: 4.763720e-02
2023-07-05 13:53:15,418 __main__ 0/1 INFO :: average KE = 3.312355e-02
2023-07-05 13:53:15,419 __main__ 0/1 INFO :: average KE_q = 2.272386e-02
2023-07-05 13:55:05,360 __main__ 0/1 INFO :: Iteration: 140001, Time: 6.669207e+03, dt: 4.763720e-02
2023-07-05 13:55:05,361 __main__ 0/1 INFO :: average KE = 3.427213e-02
2023-07-05 13:55:05,361 __main__ 0/1 INFO :: average KE_q = 2.266837e-02
2023-07-05 13:56:55,270 __main__ 0/1 INFO :: Iteration: 145001, Time: 6.907393e+03, dt: 4.763720e-02
2023-07-05 13:56:55,271 __main__ 0/1 INFO :: average KE = 3.489561e-02
2023-07-05 13:56:55,272 __main__ 0/1 INFO :: average KE_q = 2.268274e-02
2023-07-05 13:58:45,184 __main__ 0/1 INFO :: Iteration: 150001, Time: 7.145579e+03, dt: 4.763720e-02
2023-07-05 13:58:45,185 __main__ 0/1 INFO :: average KE = 3.520221e-02
2023-07-05 13:58:45,186 __main__ 0/1 INFO :: average KE_q = 2.271512e-02
2023-07-05 14:00:35,210 __main__ 0/1 INFO :: Iteration: 155001, Time: 7.383765e+03, dt: 4.763720e-02
2023-07-05 14:00:35,211 __main__ 0/1 INFO :: average KE = 3.539556e-02
2023-07-05 14:00:35,211 __main__ 0/1 INFO :: average KE_q = 2.272249e-02
2023-07-05 14:02:25,283 __main__ 0/1 INFO :: Iteration: 160001, Time: 7.621951e+03, dt: 4.763720e-02
2023-07-05 14:02:25,283 __main__ 0/1 INFO :: average KE = 3.554440e-02
2023-07-05 14:02:25,284 __main__ 0/1 INFO :: average KE_q = 2.270477e-02
2023-07-05 14:04:15,309 __main__ 0/1 INFO :: Iteration: 165001, Time: 7.860137e+03, dt: 4.763720e-02
2023-07-05 14:04:15,310 __main__ 0/1 INFO :: average KE = 3.567045e-02
2023-07-05 14:04:15,310 __main__ 0/1 INFO :: average KE_q = 2.267386e-02
2023-07-05 14:06:05,256 __main__ 0/1 INFO :: Iteration: 170001, Time: 8.098323e+03, dt: 4.763720e-02
2023-07-05 14:06:05,257 __main__ 0/1 INFO :: average KE = 3.577824e-02
2023-07-05 14:06:05,258 __main__ 0/1 INFO :: average KE_q = 2.264085e-02
2023-07-05 14:07:55,147 __main__ 0/1 INFO :: Iteration: 175001, Time: 8.336509e+03, dt: 4.763720e-02
2023-07-05 14:07:55,149 __main__ 0/1 INFO :: average KE = 3.586809e-02
2023-07-05 14:07:55,149 __main__ 0/1 INFO :: average KE_q = 2.261201e-02
2023-07-05 14:09:44,995 __main__ 0/1 INFO :: Iteration: 180001, Time: 8.574695e+03, dt: 4.763720e-02
2023-07-05 14:09:44,996 __main__ 0/1 INFO :: average KE = 3.594125e-02
2023-07-05 14:09:44,996 __main__ 0/1 INFO :: average KE_q = 2.258925e-02
2023-07-05 14:11:34,980 __main__ 0/1 INFO :: Iteration: 185001, Time: 8.812881e+03, dt: 4.763720e-02
2023-07-05 14:11:34,981 __main__ 0/1 INFO :: average KE = 3.600036e-02
2023-07-05 14:11:34,982 __main__ 0/1 INFO :: average KE_q = 2.257206e-02
2023-07-05 14:13:24,885 __main__ 0/1 INFO :: Iteration: 190001, Time: 9.051067e+03, dt: 4.763720e-02
2023-07-05 14:13:24,886 __main__ 0/1 INFO :: average KE = 3.604845e-02
2023-07-05 14:13:24,886 __main__ 0/1 INFO :: average KE_q = 2.255915e-02
2023-07-05 14:15:14,761 __main__ 0/1 INFO :: Iteration: 195001, Time: 9.289253e+03, dt: 4.763720e-02
2023-07-05 14:15:14,764 __main__ 0/1 INFO :: average KE = 3.608819e-02
2023-07-05 14:15:14,764 __main__ 0/1 INFO :: average KE_q = 2.254927e-02
2023-07-05 14:17:04,724 __main__ 0/1 INFO :: Iteration: 200001, Time: 9.527439e+03, dt: 4.763720e-02
2023-07-05 14:17:04,725 __main__ 0/1 INFO :: average KE = 3.612161e-02
2023-07-05 14:17:04,725 __main__ 0/1 INFO :: average KE_q = 2.254152e-02
2023-07-05 14:18:54,767 __main__ 0/1 INFO :: Iteration: 205001, Time: 9.765625e+03, dt: 4.763720e-02
2023-07-05 14:18:54,768 __main__ 0/1 INFO :: average KE = 3.615015e-02
2023-07-05 14:18:54,769 __main__ 0/1 INFO :: average KE_q = 2.253526e-02
2023-07-05 14:20:44,902 __main__ 0/1 INFO :: Iteration: 210001, Time: 1.000381e+04, dt: 4.763720e-02
2023-07-05 14:20:44,903 __main__ 0/1 INFO :: average KE = 3.617484e-02
2023-07-05 14:20:44,904 __main__ 0/1 INFO :: average KE_q = 2.253009e-02
2023-07-05 14:22:35,210 __main__ 0/1 INFO :: Iteration: 215001, Time: 1.024200e+04, dt: 4.763720e-02
2023-07-05 14:22:35,211 __main__ 0/1 INFO :: average KE = 3.619640e-02
2023-07-05 14:22:35,212 __main__ 0/1 INFO :: average KE_q = 2.252572e-02
2023-07-05 14:24:25,223 __main__ 0/1 INFO :: Iteration: 220001, Time: 1.048018e+04, dt: 4.763720e-02
2023-07-05 14:24:25,224 __main__ 0/1 INFO :: average KE = 3.621534e-02
2023-07-05 14:24:25,224 __main__ 0/1 INFO :: average KE_q = 2.252200e-02
2023-07-05 14:26:15,091 __main__ 0/1 INFO :: Iteration: 225001, Time: 1.071837e+04, dt: 4.763720e-02
2023-07-05 14:26:15,091 __main__ 0/1 INFO :: average KE = 3.623207e-02
2023-07-05 14:26:15,092 __main__ 0/1 INFO :: average KE_q = 2.251878e-02
2023-07-05 14:28:04,917 __main__ 0/1 INFO :: Iteration: 230001, Time: 1.095655e+04, dt: 4.763720e-02
2023-07-05 14:28:04,918 __main__ 0/1 INFO :: average KE = 3.624690e-02
2023-07-05 14:28:04,919 __main__ 0/1 INFO :: average KE_q = 2.251598e-02
2023-07-05 14:28:19,123 solvers 0/1 INFO :: Wall stop time reached.
2023-07-05 14:28:19,153 __main__ 0/1 INFO :: Iterations: 230648
2023-07-05 14:28:19,153 __main__ 0/1 INFO :: Sim end time: 10987.376143
2023-07-05 14:28:19,153 __main__ 0/1 INFO :: Run time: 5099.71 sec
2023-07-05 14:28:19,154 __main__ 0/1 INFO :: Run time: 1.416587 cpu-hr
2023-07-05 14:28:20,180 post 0/1 INFO :: Merging files from snapshots
2023-07-05 14:28:21,180 post 0/1 INFO :: Merging files from time_series
