2023-07-05 13:03:20,698 __main__ 0/1 INFO :: Running on 1 cores,  0 nodes
2023-07-05 13:03:20,701 __main__ 0/1 INFO :: Lz = 256.0000000, Re = 9.0000e+01
2023-07-05 13:03:20,865 pencil 0/1 INFO :: Building pencil matrix 1/1 (~100%) Elapsed: 0s, Remaining: 0s, Rate: 8.3e+00/s
2023-07-05 13:03:20,866 __main__ 0/1 INFO :: Solver built
2023-07-05 13:03:20,867 solvers 0/1 INFO :: Loading solver state from: restart.h5
2023-07-05 13:03:20,870 solvers 0/1 INFO :: Loading iteration: 170404
2023-07-05 13:03:20,870 solvers 0/1 INFO :: Loading write: 281
2023-07-05 13:03:20,870 solvers 0/1 INFO :: Loading sim time: 6991.982339801373
2023-07-05 13:03:20,870 solvers 0/1 INFO :: Loading timestep: 0.04103203781512604
2023-07-05 13:03:21,079 __main__ 0/1 INFO :: Starting loop
2023-07-05 13:05:13,507 __main__ 0/1 INFO :: Iteration: 5001, Time: 2.170139e+02, dt: 4.340278e-02
2023-07-05 13:05:13,508 __main__ 0/1 INFO :: average KE = 8.748058e-03
2023-07-05 13:05:13,508 __main__ 0/1 INFO :: average KE_q = 6.814491e-03
2023-07-05 13:07:05,513 __main__ 0/1 INFO :: Iteration: 10001, Time: 4.340278e+02, dt: 4.340278e-02
2023-07-05 13:07:05,514 __main__ 0/1 INFO :: average KE = 1.184028e-02
2023-07-05 13:07:05,515 __main__ 0/1 INFO :: average KE_q = 9.205648e-03
2023-07-05 13:08:57,952 __main__ 0/1 INFO :: Iteration: 15001, Time: 6.510417e+02, dt: 4.340278e-02
2023-07-05 13:08:57,953 __main__ 0/1 INFO :: average KE = 1.445060e-02
2023-07-05 13:08:57,954 __main__ 0/1 INFO :: average KE_q = 1.190810e-02
2023-07-05 13:10:50,168 __main__ 0/1 INFO :: Iteration: 20001, Time: 8.680556e+02, dt: 4.340278e-02
2023-07-05 13:10:50,169 __main__ 0/1 INFO :: average KE = 1.713890e-02
2023-07-05 13:10:50,170 __main__ 0/1 INFO :: average KE_q = 1.446272e-02
2023-07-05 13:12:42,264 __main__ 0/1 INFO :: Iteration: 25001, Time: 1.085069e+03, dt: 4.340278e-02
2023-07-05 13:12:42,265 __main__ 0/1 INFO :: average KE = 1.978808e-02
2023-07-05 13:12:42,265 __main__ 0/1 INFO :: average KE_q = 1.706738e-02
2023-07-05 13:14:34,472 __main__ 0/1 INFO :: Iteration: 30001, Time: 1.302083e+03, dt: 4.340278e-02
2023-07-05 13:14:34,473 __main__ 0/1 INFO :: average KE = 2.245123e-02
2023-07-05 13:14:34,473 __main__ 0/1 INFO :: average KE_q = 1.966070e-02
2023-07-05 13:16:26,673 __main__ 0/1 INFO :: Iteration: 35001, Time: 1.519097e+03, dt: 4.340278e-02
2023-07-05 13:16:26,674 __main__ 0/1 INFO :: average KE = 2.511069e-02
2023-07-05 13:16:26,674 __main__ 0/1 INFO :: average KE_q = 2.225390e-02
2023-07-05 13:18:18,976 __main__ 0/1 INFO :: Iteration: 40001, Time: 1.736111e+03, dt: 4.340278e-02
2023-07-05 13:18:18,977 __main__ 0/1 INFO :: average KE = 2.777072e-02
2023-07-05 13:18:18,978 __main__ 0/1 INFO :: average KE_q = 2.484842e-02
2023-07-05 13:20:11,210 __main__ 0/1 INFO :: Iteration: 45001, Time: 1.953125e+03, dt: 4.340278e-02
2023-07-05 13:20:11,211 __main__ 0/1 INFO :: average KE = 3.042828e-02
2023-07-05 13:20:11,212 __main__ 0/1 INFO :: average KE_q = 2.744054e-02
2023-07-05 13:22:03,547 __main__ 0/1 INFO :: Iteration: 50001, Time: 2.170139e+03, dt: 4.340278e-02
2023-07-05 13:22:03,548 __main__ 0/1 INFO :: average KE = 3.305276e-02
2023-07-05 13:22:03,548 __main__ 0/1 INFO :: average KE_q = 3.001037e-02
2023-07-05 13:23:56,145 __main__ 0/1 INFO :: Iteration: 55001, Time: 2.387153e+03, dt: 4.340278e-02
2023-07-05 13:23:56,146 __main__ 0/1 INFO :: average KE = 3.531528e-02
2023-07-05 13:23:56,146 __main__ 0/1 INFO :: average KE_q = 3.230918e-02
2023-07-05 13:25:47,232 __main__ 0/1 INFO :: Iteration: 60001, Time: 2.604167e+03, dt: 4.340278e-02
2023-07-05 13:25:47,233 __main__ 0/1 INFO :: average KE = 3.608688e-02
2023-07-05 13:25:47,234 __main__ 0/1 INFO :: average KE_q = 3.346600e-02
2023-07-05 13:27:37,443 __main__ 0/1 INFO :: Iteration: 65001, Time: 2.821181e+03, dt: 4.340278e-02
2023-07-05 13:27:37,445 __main__ 0/1 INFO :: average KE = 3.597557e-02
2023-07-05 13:27:37,446 __main__ 0/1 INFO :: average KE_q = 3.402808e-02
2023-07-05 13:29:27,775 __main__ 0/1 INFO :: Iteration: 70001, Time: 3.038194e+03, dt: 4.340278e-02
2023-07-05 13:29:27,776 __main__ 0/1 INFO :: average KE = 3.571082e-02
2023-07-05 13:29:27,777 __main__ 0/1 INFO :: average KE_q = 3.430314e-02
2023-07-05 13:31:17,978 __main__ 0/1 INFO :: Iteration: 75001, Time: 3.255208e+03, dt: 4.340278e-02
2023-07-05 13:31:17,979 __main__ 0/1 INFO :: average KE = 3.556832e-02
2023-07-05 13:31:17,980 __main__ 0/1 INFO :: average KE_q = 3.441152e-02
2023-07-05 13:33:08,176 __main__ 0/1 INFO :: Iteration: 80001, Time: 3.472222e+03, dt: 4.340278e-02
2023-07-05 13:33:08,177 __main__ 0/1 INFO :: average KE = 3.549731e-02
2023-07-05 13:33:08,177 __main__ 0/1 INFO :: average KE_q = 3.445995e-02
2023-07-05 13:34:58,390 __main__ 0/1 INFO :: Iteration: 85001, Time: 3.689236e+03, dt: 4.340278e-02
2023-07-05 13:34:58,390 __main__ 0/1 INFO :: average KE = 3.545918e-02
2023-07-05 13:34:58,391 __main__ 0/1 INFO :: average KE_q = 3.448455e-02
2023-07-05 13:36:48,651 __main__ 0/1 INFO :: Iteration: 90001, Time: 3.906250e+03, dt: 4.340278e-02
2023-07-05 13:36:48,652 __main__ 0/1 INFO :: average KE = 3.543745e-02
2023-07-05 13:36:48,653 __main__ 0/1 INFO :: average KE_q = 3.449809e-02
2023-07-05 13:38:38,949 __main__ 0/1 INFO :: Iteration: 95001, Time: 4.123264e+03, dt: 4.340278e-02
2023-07-05 13:38:38,950 __main__ 0/1 INFO :: average KE = 3.542456e-02
2023-07-05 13:38:38,951 __main__ 0/1 INFO :: average KE_q = 3.450593e-02
2023-07-05 13:40:29,143 __main__ 0/1 INFO :: Iteration: 100001, Time: 4.340278e+03, dt: 4.340278e-02
2023-07-05 13:40:29,144 __main__ 0/1 INFO :: average KE = 3.541671e-02
2023-07-05 13:40:29,144 __main__ 0/1 INFO :: average KE_q = 3.451062e-02
2023-07-05 13:42:19,217 __main__ 0/1 INFO :: Iteration: 105001, Time: 4.557292e+03, dt: 4.340278e-02
2023-07-05 13:42:19,218 __main__ 0/1 INFO :: average KE = 3.541183e-02
2023-07-05 13:42:19,219 __main__ 0/1 INFO :: average KE_q = 3.451350e-02
2023-07-05 13:44:09,151 __main__ 0/1 INFO :: Iteration: 110001, Time: 4.774306e+03, dt: 4.340278e-02
2023-07-05 13:44:09,152 __main__ 0/1 INFO :: average KE = 3.540876e-02
2023-07-05 13:44:09,152 __main__ 0/1 INFO :: average KE_q = 3.451530e-02
2023-07-05 13:45:59,124 __main__ 0/1 INFO :: Iteration: 115001, Time: 4.991319e+03, dt: 4.340278e-02
2023-07-05 13:45:59,126 __main__ 0/1 INFO :: average KE = 3.540680e-02
2023-07-05 13:45:59,127 __main__ 0/1 INFO :: average KE_q = 3.451643e-02
2023-07-05 13:47:49,244 __main__ 0/1 INFO :: Iteration: 120001, Time: 5.208333e+03, dt: 4.340278e-02
2023-07-05 13:47:49,245 __main__ 0/1 INFO :: average KE = 3.540554e-02
2023-07-05 13:47:49,245 __main__ 0/1 INFO :: average KE_q = 3.451716e-02
2023-07-05 13:49:39,270 __main__ 0/1 INFO :: Iteration: 125001, Time: 5.425347e+03, dt: 4.340278e-02
2023-07-05 13:49:39,272 __main__ 0/1 INFO :: average KE = 3.540472e-02
2023-07-05 13:49:39,272 __main__ 0/1 INFO :: average KE_q = 3.451762e-02
2023-07-05 13:51:29,299 __main__ 0/1 INFO :: Iteration: 130001, Time: 5.642361e+03, dt: 4.340278e-02
2023-07-05 13:51:29,300 __main__ 0/1 INFO :: average KE = 3.540419e-02
2023-07-05 13:51:29,301 __main__ 0/1 INFO :: average KE_q = 3.451793e-02
2023-07-05 13:53:19,432 __main__ 0/1 INFO :: Iteration: 135001, Time: 5.859375e+03, dt: 4.340278e-02
2023-07-05 13:53:19,433 __main__ 0/1 INFO :: average KE = 3.540385e-02
2023-07-05 13:53:19,433 __main__ 0/1 INFO :: average KE_q = 3.451812e-02
2023-07-05 13:55:09,536 __main__ 0/1 INFO :: Iteration: 140001, Time: 6.076389e+03, dt: 4.340278e-02
2023-07-05 13:55:09,537 __main__ 0/1 INFO :: average KE = 3.540362e-02
2023-07-05 13:55:09,538 __main__ 0/1 INFO :: average KE_q = 3.451825e-02
2023-07-05 13:56:59,674 __main__ 0/1 INFO :: Iteration: 145001, Time: 6.293403e+03, dt: 4.340278e-02
2023-07-05 13:56:59,675 __main__ 0/1 INFO :: average KE = 3.540347e-02
2023-07-05 13:56:59,675 __main__ 0/1 INFO :: average KE_q = 3.451834e-02
2023-07-05 13:58:49,749 __main__ 0/1 INFO :: Iteration: 150001, Time: 6.510417e+03, dt: 4.340278e-02
2023-07-05 13:58:49,750 __main__ 0/1 INFO :: average KE = 3.540337e-02
2023-07-05 13:58:49,750 __main__ 0/1 INFO :: average KE_q = 3.451839e-02
2023-07-05 14:00:39,803 __main__ 0/1 INFO :: Iteration: 155001, Time: 6.727431e+03, dt: 4.340278e-02
2023-07-05 14:00:39,804 __main__ 0/1 INFO :: average KE = 3.540331e-02
2023-07-05 14:00:39,804 __main__ 0/1 INFO :: average KE_q = 3.451843e-02
2023-07-05 14:02:30,065 __main__ 0/1 INFO :: Iteration: 160001, Time: 6.944444e+03, dt: 4.340278e-02
2023-07-05 14:02:30,067 __main__ 0/1 INFO :: average KE = 3.540327e-02
2023-07-05 14:02:30,068 __main__ 0/1 INFO :: average KE_q = 3.451845e-02
2023-07-05 14:04:20,034 __main__ 0/1 INFO :: Iteration: 165001, Time: 7.161458e+03, dt: 4.340278e-02
2023-07-05 14:04:20,036 __main__ 0/1 INFO :: average KE = 3.540324e-02
2023-07-05 14:04:20,036 __main__ 0/1 INFO :: average KE_q = 3.451847e-02
2023-07-05 14:06:10,205 __main__ 0/1 INFO :: Iteration: 170001, Time: 7.378472e+03, dt: 4.340278e-02
2023-07-05 14:06:10,206 __main__ 0/1 INFO :: average KE = 3.540322e-02
2023-07-05 14:06:10,206 __main__ 0/1 INFO :: average KE_q = 3.451848e-02
2023-07-05 14:08:00,243 __main__ 0/1 INFO :: Iteration: 175001, Time: 7.595486e+03, dt: 4.340278e-02
2023-07-05 14:08:00,244 __main__ 0/1 INFO :: average KE = 3.540320e-02
2023-07-05 14:08:00,244 __main__ 0/1 INFO :: average KE_q = 3.451848e-02
2023-07-05 14:09:50,337 __main__ 0/1 INFO :: Iteration: 180001, Time: 7.812500e+03, dt: 4.340278e-02
2023-07-05 14:09:50,338 __main__ 0/1 INFO :: average KE = 3.540320e-02
2023-07-05 14:09:50,338 __main__ 0/1 INFO :: average KE_q = 3.451849e-02
2023-07-05 14:11:40,424 __main__ 0/1 INFO :: Iteration: 185001, Time: 8.029514e+03, dt: 4.340278e-02
2023-07-05 14:11:40,426 __main__ 0/1 INFO :: average KE = 3.540319e-02
2023-07-05 14:11:40,426 __main__ 0/1 INFO :: average KE_q = 3.451849e-02
2023-07-05 14:13:30,396 __main__ 0/1 INFO :: Iteration: 190001, Time: 8.246528e+03, dt: 4.340278e-02
2023-07-05 14:13:30,397 __main__ 0/1 INFO :: average KE = 3.540319e-02
2023-07-05 14:13:30,398 __main__ 0/1 INFO :: average KE_q = 3.451849e-02
2023-07-05 14:15:20,380 __main__ 0/1 INFO :: Iteration: 195001, Time: 8.463542e+03, dt: 4.340278e-02
2023-07-05 14:15:20,382 __main__ 0/1 INFO :: average KE = 3.540318e-02
2023-07-05 14:15:20,382 __main__ 0/1 INFO :: average KE_q = 3.451850e-02
2023-07-05 14:17:10,561 __main__ 0/1 INFO :: Iteration: 200001, Time: 8.680556e+03, dt: 4.340278e-02
2023-07-05 14:17:10,563 __main__ 0/1 INFO :: average KE = 3.540318e-02
2023-07-05 14:17:10,563 __main__ 0/1 INFO :: average KE_q = 3.451850e-02
2023-07-05 14:19:00,858 __main__ 0/1 INFO :: Iteration: 205001, Time: 8.897569e+03, dt: 4.340278e-02
2023-07-05 14:19:00,859 __main__ 0/1 INFO :: average KE = 3.540318e-02
2023-07-05 14:19:00,859 __main__ 0/1 INFO :: average KE_q = 3.451850e-02
2023-07-05 14:20:51,002 __main__ 0/1 INFO :: Iteration: 210001, Time: 9.114583e+03, dt: 4.340278e-02
2023-07-05 14:20:51,003 __main__ 0/1 INFO :: average KE = 3.540318e-02
2023-07-05 14:20:51,003 __main__ 0/1 INFO :: average KE_q = 3.451850e-02
2023-07-05 14:22:41,002 __main__ 0/1 INFO :: Iteration: 215001, Time: 9.331597e+03, dt: 4.340278e-02
2023-07-05 14:22:41,004 __main__ 0/1 INFO :: average KE = 3.540318e-02
2023-07-05 14:22:41,004 __main__ 0/1 INFO :: average KE_q = 3.451850e-02
2023-07-05 14:24:30,827 __main__ 0/1 INFO :: Iteration: 220001, Time: 9.548611e+03, dt: 4.340278e-02
2023-07-05 14:24:30,828 __main__ 0/1 INFO :: average KE = 3.540318e-02
2023-07-05 14:24:30,828 __main__ 0/1 INFO :: average KE_q = 3.451850e-02
2023-07-05 14:26:20,682 __main__ 0/1 INFO :: Iteration: 225001, Time: 9.765625e+03, dt: 4.340278e-02
2023-07-05 14:26:20,684 __main__ 0/1 INFO :: average KE = 3.540318e-02
2023-07-05 14:26:20,685 __main__ 0/1 INFO :: average KE_q = 3.451850e-02
2023-07-05 14:28:10,610 __main__ 0/1 INFO :: Iteration: 230001, Time: 9.982639e+03, dt: 4.340278e-02
2023-07-05 14:28:10,611 __main__ 0/1 INFO :: average KE = 3.540318e-02
2023-07-05 14:28:10,612 __main__ 0/1 INFO :: average KE_q = 3.451850e-02
2023-07-05 14:28:20,756 solvers 0/1 INFO :: Wall stop time reached.
2023-07-05 14:28:20,788 __main__ 0/1 INFO :: Iterations: 230463
2023-07-05 14:28:20,788 __main__ 0/1 INFO :: Sim end time: 10002.690972
2023-07-05 14:28:20,788 __main__ 0/1 INFO :: Run time: 5099.71 sec
2023-07-05 14:28:20,788 __main__ 0/1 INFO :: Run time: 1.416586 cpu-hr
2023-07-05 14:28:23,121 post 0/1 INFO :: Merging files from snapshots
2023-07-05 14:28:24,031 post 0/1 INFO :: Merging files from time_series
